<?xml version="1.0" encoding="UTF-8"?>
<?xml-stylesheet type="text/xsl" href="ivy-report.xsl"?>
<ivy-report version="1.0">
	<info
		organisation="tp-scala"
		module="tp-scala$sources_javadoc_2.10"
		revision="0.1-SNAPSHOT"
		conf="test-internal"
		confs="compile, runtime, test, provided, optional, compile-internal, runtime-internal, test-internal, plugin, sources, docs, pom"
		date="20121023215609"/>
	<dependencies>
		<module organisation="org.scala-lang" name="scala-library">
			<revision name="2.10.0-M7" status="release" pubdate="20120821045718" resolver="sbt-chain" artresolver="sbt-chain" homepage="http://www.scala-lang.org/" downloaded="false" searched="false" default="false" conf="default(compile), default, compile, runtime, master" position="0">
				<license name="BSD-like" url="http://www.scala-lang.org/downloads/license.html          "/>
				<metadata-artifact status="no" details="" size="2395" time="0" location="/Users/romfret/.ivy2/cache/org.scala-lang/scala-library/ivy-2.10.0-M7.xml" searched="false" origin-is-local="false" origin-location="http://repo1.maven.org/maven2/org/scala-lang/scala-library/2.10.0-M7/scala-library-2.10.0-M7.pom"/>
				<caller organisation="tp-scala" name="tp-scala$sources_javadoc_2.10" conf="test-internal, test, optional, compile, provided, runtime" rev="2.10.0-M7" rev-constraint-default="2.10.0-M7" rev-constraint-dynamic="2.10.0-M7" callerrev="0.1-SNAPSHOT"/>
				<artifacts>
					<artifact name="scala-library" type="src" ext="jar" extra-classifier="sources" status="no" details="" size="1081797" time="0" location="/Users/romfret/.ivy2/cache/org.scala-lang/scala-library/srcs/scala-library-2.10.0-M7-sources.jar">
						<origin-location is-local="false" location="http://repo1.maven.org/maven2/org/scala-lang/scala-library/2.10.0-M7/scala-library-2.10.0-M7-sources.jar"/>
					</artifact>
					<artifact name="scala-library" type="doc" ext="jar" extra-classifier="javadoc" status="no" details="" size="39313583" time="0" location="/Users/romfret/.ivy2/cache/org.scala-lang/scala-library/docs/scala-library-2.10.0-M7-javadoc.jar">
						<origin-location is-local="false" location="http://repo1.maven.org/maven2/org/scala-lang/scala-library/2.10.0-M7/scala-library-2.10.0-M7-javadoc.jar"/>
					</artifact>
				</artifacts>
			</revision>
		</module>
	</dependencies>
</ivy-report>
